paginizeDemo/build/outputs/apk/manifest-merger-debug-report.txt
-- Merging decision tree log ---
manifest
ADDED from AndroidManifest.xml:2:1
	package
		ADDED from AndroidManifest.xml:3:11
		INJECTED from AndroidManifest.xml:0:0
		INJECTED from AndroidManifest.xml:0:0
	android:versionName
		ADDED from AndroidManifest.xml:5:11
	android:versionCode
		ADDED from AndroidManifest.xml:4:11
		INJECTED from AndroidManifest.xml:0:0
		INJECTED from AndroidManifest.xml:0:0
	xmlns:android
		ADDED from AndroidManifest.xml:2:11
uses-sdk
ADDED from AndroidManifest.xml:6:3
MERGED from PaginizeDemo:paginizeLib:unspecified:7:5
MERGED from com.android.support:support-v4:21.0.3:15:5
MERGED from com.android.support:support-v4:21.0.3:15:5
	android:targetSdkVersion
		ADDED from AndroidManifest.xml:6:13
		INJECTED from AndroidManifest.xml:0:0
		INJECTED from AndroidManifest.xml:0:0
	android:minSdkVersion
		ADDED from AndroidManifest.xml:6:43
		INJECTED from AndroidManifest.xml:0:0
		INJECTED from AndroidManifest.xml:0:0
application
ADDED from AndroidManifest.xml:7:3
MERGED from PaginizeDemo:paginizeLib:unspecified:11:5
MERGED from com.android.support:support-v4:21.0.3:16:5
MERGED from com.android.support:support-v4:21.0.3:16:5
	android:label
		ADDED from AndroidManifest.xml:7:16
	android:icon
		ADDED from AndroidManifest.xml:8:16
	android:theme
		ADDED from AndroidManifest.xml:7:49
activity#net.neevek.android.demo.paginize.activities.MainActivity
ADDED from AndroidManifest.xml:9:5
	android:label
		ADDED from AndroidManifest.xml:10:15
	android:name
		ADDED from AndroidManifest.xml:9:15
intent-filter#android.intent.action.MAIN+android.intent.category.LAUNCHER
ADDED from AndroidManifest.xml:11:7
action#android.intent.action.MAIN
ADDED from AndroidManifest.xml:12:9
	android:name
		ADDED from AndroidManifest.xml:12:17
category#android.intent.category.LAUNCHER
ADDED from AndroidManifest.xml:13:9
	android:name
		ADDED from AndroidManifest.xml:13:19